<?xml version="1.0" encoding="UTF-8"?>
<testng-results ignored="0" total="1" passed="1" failed="0" skipped="0">
  <reporter-output>
  </reporter-output>
  <suite started-at="2024-09-11T13:52:58 CDT" name="Default suite" finished-at="2024-09-11T13:53:05 CDT" duration-ms="7772">
    <groups>
    </groups>
    <test started-at="2024-09-11T13:52:58 CDT" name="Default test" finished-at="2024-09-11T13:53:05 CDT" duration-ms="7772">
      <class name="rahulshettyacademy.ExtendReports.ExtendReportDemo">
        <test-method is-config="true" signature="config()[pri:0, instance:rahulshettyacademy.ExtendReports.ExtendReportDemo@3bb9a3ff]" started-at="2024-09-11T13:52:58 CDT" name="config" finished-at="2024-09-11T13:52:58 CDT" duration-ms="278" status="PASS">
          <reporter-output>
          </reporter-output>
        </test-method> <!-- config -->
        <test-method signature="initialDemo()[pri:0, instance:rahulshettyacademy.ExtendReports.ExtendReportDemo@3bb9a3ff]" started-at="2024-09-11T13:52:58 CDT" name="initialDemo" finished-at="2024-09-11T13:53:05 CDT" duration-ms="7452" status="PASS">
          <reporter-output>
          </reporter-output>
        </test-method> <!-- initialDemo -->
      </class> <!-- rahulshettyacademy.ExtendReports.ExtendReportDemo -->
    </test> <!-- Default test -->
  </suite> <!-- Default suite -->
</testng-results>
